#
# There is insufficient memory for the Java Runtime Environment to continue.
# Native memory allocation (malloc) failed to allocate 1048576 bytes for AllocateHeap
# Possible reasons:
#   The system is out of physical RAM or swap space
#   The process is running with CompressedOops enabled, and the Java Heap may be blocking the growth of the native heap
# Possible solutions:
#   Reduce memory load on the system
#   Increase physical memory or swap space
#   Check if swap backing store is full
#   Decrease Java heap size (-Xmx/-Xms)
#   Decrease number of Java threads
#   Decrease Java thread stack sizes (-Xss)
#   Set larger code cache with -XX:ReservedCodeCacheSize=
#   JVM is running with Zero Based Compressed Oops mode in which the Java heap is
#     placed in the first 32GB address space. The Java Heap base address is the
#     maximum limit for the native heap growth. Please use -XX:HeapBaseMinAddress
#     to set the Java Heap base and to place the Java Heap above 32GB virtual address.
# This output file may be truncated or incomplete.
#
#  Out of Memory Error (memory/allocation.inline.hpp:61), pid=4632, tid=0x0000000000002590
#
# JRE version:  (8.0_231-b11) (build )
# Java VM: Java HotSpot(TM) 64-Bit Server VM (25.231-b11 mixed mode windows-amd64 compressed oops)
# Failed to write core dump. Minidumps are not enabled by default on client versions of Windows
#

---------------  T H R E A D  ---------------

Current thread (0x0000000002a6e800):  JavaThread "Unknown thread" [_thread_in_vm, id=9616, stack(0x0000000002790000,0x0000000002890000)]

Stack: [0x0000000002790000,0x0000000002890000]
[error occurred during error reporting (printing stack bounds), id 0xc0000005]

Native frames: (J=compiled Java code, j=interpreted, Vv=VM code, C=native code)


---------------  P R O C E S S  ---------------

Java Threads: ( => current thread )

Other Threads:

=>0x0000000002a6e800 (exited) JavaThread "Unknown thread" [_thread_in_vm, id=9616, stack(0x0000000002790000,0x0000000002890000)]

VM state:not at safepoint (normal execution)

VM Mutex/Monitor currently owned by a thread: None

heap address: 0x00000006c0c00000, size: 4084 MB, Compressed Oops mode: Zero based, Oop shift amount: 3
Narrow klass base: 0x0000000000000000, Narrow klass shift: 3
Compressed class space size: 1073741824 Address: 0x00000007c0000000

Heap:
 PSYoungGen      total 76288K, used 1310K [0x000000076af00000, 0x0000000770400000, 0x00000007c0000000)
  eden space 65536K, 2% used [0x000000076af00000,0x000000076b047af0,0x000000076ef00000)
  from space 10752K, 0% used [0x000000076f980000,0x000000076f980000,0x0000000770400000)
  to   space 10752K, 0% used [0x000000076ef00000,0x000000076ef00000,0x000000076f980000)
 ParOldGen       total 175104K, used 0K [0x00000006c0c00000, 0x00000006cb700000, 0x000000076af00000)
  object space 175104K, 0% used [0x00000006c0c00000,0x00000006c0c00000,0x00000006cb700000)
 Metaspace       used 752K, capacity 4480K, committed 4480K, reserved 1056768K
  class space    used 76K, capacity 384K, committed 384K, reserved 1048576K

Card table byte_map: [0x0000000011e30000,0x0000000012630000] byte_map_base: 0x000000000e82a000

Marking Bits: (ParMarkBitMap*) 0x000000005c536d90
 Begin Bits: [0x0000000013590000, 0x0000000017560000)
 End Bits:   [0x0000000017560000, 0x000000001b530000)

Polling page: 0x0000000002890000

CodeCache: size=245760Kb used=327Kb max_used=327Kb free=245432Kb
 bounds [0x0000000002a70000, 0x0000000002ce0000, 0x0000000011a70000]
 total_blobs=57 nmethods=0 adapters=38
 compilation: enabled

Compilation events (0 events):
No events

GC Heap History (0 events):
No events

Deoptimization events (0 events):
No events

Classes redefined (0 events):
No events

Internal exceptions (0 events):
No events

Events (10 events):
Event: 0.038 loading class java/lang/Short
Event: 0.038 loading class java/lang/Short done
Event: 0.038 loading class java/lang/Integer
Event: 0.038 loading class java/lang/Integer done
Event: 0.038 loading class java/lang/Long
Event: 0.038 loading class java/lang/Long done
Event: 0.038 loading class java/lang/NullPointerException
Event: 0.038 loading class java/lang/NullPointerException done
Event: 0.038 loading class java/lang/ArithmeticException
Event: 0.038 loading class java/lang/ArithmeticException done


Dynamic libraries:
0x00007ff7ba5c0000 - 0x00007ff7ba5f7000 	C:\Program Files\Java\jre1.8.0_231\bin\javaw.exe
0x00007ffe8b5e0000 - 0x00007ffe8b7d0000 	C:\WINDOWS\SYSTEM32\ntdll.dll
0x00007ffe8a3a0000 - 0x00007ffe8a452000 	C:\WINDOWS\System32\KERNEL32.DLL
0x00007ffe88570000 - 0x00007ffe88813000 	C:\WINDOWS\System32\KERNELBASE.dll
0x00007ffe8a460000 - 0x00007ffe8a503000 	C:\WINDOWS\System32\ADVAPI32.dll
0x00007ffe8b040000 - 0x00007ffe8b0de000 	C:\WINDOWS\System32\msvcrt.dll
0x00007ffe8a300000 - 0x00007ffe8a397000 	C:\WINDOWS\System32\sechost.dll
0x00007ffe8a040000 - 0x00007ffe8a160000 	C:\WINDOWS\System32\RPCRT4.dll
0x00007ffe8a160000 - 0x00007ffe8a2f4000 	C:\WINDOWS\System32\USER32.dll
0x00007ffe89660000 - 0x00007ffe89681000 	C:\WINDOWS\System32\win32u.dll
0x00007ffe89860000 - 0x00007ffe89886000 	C:\WINDOWS\System32\GDI32.dll
0x00007ffe894c0000 - 0x00007ffe89654000 	C:\WINDOWS\System32\gdi32full.dll
0x00007ffe89300000 - 0x00007ffe8939e000 	C:\WINDOWS\System32\msvcp_win.dll
0x00007ffe88a80000 - 0x00007ffe88b7a000 	C:\WINDOWS\System32\ucrtbase.dll
0x00007ffe71e00000 - 0x00007ffe72085000 	C:\WINDOWS\WinSxS\amd64_microsoft.windows.common-controls_6595b64144ccf1df_6.0.18362.476_none_e6c4b11b130f2595\COMCTL32.dll
0x00007ffe8b260000 - 0x00007ffe8b596000 	C:\WINDOWS\System32\combase.dll
0x00007ffe88a00000 - 0x00007ffe88a80000 	C:\WINDOWS\System32\bcryptPrimitives.dll
0x00007ffe8b010000 - 0x00007ffe8b03e000 	C:\WINDOWS\System32\IMM32.DLL
0x000000005c8e0000 - 0x000000005c9b2000 	C:\Program Files\Java\jre1.8.0_231\bin\msvcr100.dll
0x000000005bd10000 - 0x000000005c5b6000 	C:\Program Files\Java\jre1.8.0_231\bin\server\jvm.dll
0x00007ffe8a590000 - 0x00007ffe8a598000 	C:\WINDOWS\System32\PSAPI.DLL
0x00007ffe835a0000 - 0x00007ffe835a9000 	C:\WINDOWS\SYSTEM32\WSOCK32.dll
0x00007ffe84910000 - 0x00007ffe8491a000 	C:\WINDOWS\SYSTEM32\VERSION.dll
0x00007ffe84ab0000 - 0x00007ffe84ad4000 	C:\WINDOWS\SYSTEM32\WINMM.dll
0x00007ffe89f00000 - 0x00007ffe89f6f000 	C:\WINDOWS\System32\WS2_32.dll
0x00007ffe84a80000 - 0x00007ffe84aad000 	C:\WINDOWS\SYSTEM32\WINMMBASE.dll
0x00007ffe89470000 - 0x00007ffe894ba000 	C:\WINDOWS\System32\cfgmgr32.dll
0x00007ffe83580000 - 0x00007ffe8358f000 	C:\Program Files\Java\jre1.8.0_231\bin\verify.dll
0x00007ffe72f50000 - 0x00007ffe72f79000 	C:\Program Files\Java\jre1.8.0_231\bin\java.dll
0x00007ffe75de0000 - 0x00007ffe75df6000 	C:\Program Files\Java\jre1.8.0_231\bin\zip.dll

VM Arguments:
jvm_args: -ea -Dfile.encoding=Cp1252 
java_command: org.eclipse.jdt.internal.junit.runner.RemoteTestRunner -version 3 -port 63465 -testLoaderClass org.eclipse.jdt.internal.junit4.runner.JUnit4TestLoader -loaderpluginname org.eclipse.jdt.junit4.runtime -classNames fracCalc.FracCalcTestFinal
java_class_path (initial): C:\Users\Fiction12\git\APCSFall2019V3\FracCalc\bin;C:\Users\Fiction12\.p2\pool\plugins\org.junit_4.12.0.v201504281640\junit.jar;C:\Users\Fiction12\.p2\pool\plugins\org.hamcrest.core_1.3.0.v20180420-1519.jar;C:\Users\Fiction12\git\APCSFall2019V3\FracCalc\FracCalcTestHelper.jar;C:\Users\Fiction12\eclipse\java-2019-06\eclipse\configuration\org.eclipse.osgi\224\0\.cp;C:\Users\Fiction12\eclipse\java-2019-06\eclipse\configuration\org.eclipse.osgi\223\0\.cp
Launcher Type: SUN_STANDARD

Environment Variables:
PATH=C:/Program Files/Java/jre1.8.0_231/bin/server;C:/Program Files/Java/jre1.8.0_231/bin;C:/Program Files/Java/jre1.8.0_231/lib/amd64;C:\Program Files (x86)\Common Files\Intel\Shared Libraries\redist\ia32\compiler;C:\Program Files (x86)\Common Files\Intel\Shared Libraries\redist\intel64\compiler;C:\Program Files (x86)\Common Files\Oracle\Java\javapath;C:\Program Files (x86)\Razer Chroma SDK\bin;C:\Program Files\Razer Chroma SDK\bin;C:\Program Files (x86)\Razer\ChromaBroadcast\bin;C:\Program Files\Razer\ChromaBroadcast\bin;C:\Program Files (x86)\Intel\iCLS Client\;C:\Program Files\Intel\iCLS Client\;C:\Windows\system32;C:\Windows;C:\Windows\System32\Wbem;C:\Windows\System32\WindowsPowerShell\v1.0\;C:\Windows\System32\OpenSSH\;C:\Program Files (x86)\Intel\Intel(R) Management Engine Components\DAL;C:\Program Files\Intel\Intel(R) Management Engine Components\DAL;C:\Program Files (x86)\Intel\Intel(R) Management Engine Components\IPT;C:\Program Files\Intel\Intel(R) Management Engine Components\IPT;C:\WINDOWS\system32;C:\WINDOWS;C:\WINDOWS\System32\Wbem;C:\WINDOWS\System32\WindowsPowerShell\v1.0\;C:\WINDOWS\System32\OpenSSH\;C:\Program Files (x86)\AOMEI Backupper;C:\Program Files (x86)\NVIDIA Corporation\PhysX\Common;C:\Users\Fiction12\AppData\Local\Microsoft\WindowsApps;C:\WINDOWS\system32\config\systemprofile\AppData\Local\Microsoft\WindowsApps;C:\WINDOWS\system32;C:\WINDOWS;C:\WINDOWS\System32\Wbem;C:\WINDOWS\System32\WindowsPowerShell\v1.0\;C:\WINDOWS\System32\OpenSSH\;C:\Users\Fiction12\AppData\Local\Microsoft\WindowsApps;;C:\WINDOWS\system32;
USERNAME=Fiction12
OS=Windows_NT
PROCESSOR_IDENTIFIER=AMD64 Family 23 Model 8 Stepping 2, AuthenticAMD



---------------  S Y S T E M  ---------------

OS: Windows 10.0 , 64 bit Build 18362 (10.0.18362.329)

CPU:total 12 (initial active 12) (12 cores per cpu, 1 threads per core) family 23 model 8 stepping 2, cmov, cx8, fxsr, mmx, sse, sse2, sse3, ssse3, sse4.1, sse4.2, popcnt, avx, avx2, aes, clmul, mmxext, 3dnowpref, lzcnt, sse4a, tsc, tscinvbit, tscinv, bmi1

Memory: 4k page, physical 16727192k(11756676k free), swap 22871192k(5356k free)

vm_info: Java HotSpot(TM) 64-Bit Server VM (25.231-b11) for windows-amd64 JRE (1.8.0_231-b11), built on Oct  5 2019 03:11:30 by "java_re" with MS VC++ 10.0 (VS2010)

time: Mon Nov 18 22:32:32 2019
timezone: Pacific Standard Time
elapsed time: 0 seconds (0d 0h 0m 0s)

